TN:
SF:src/polyfills.ts
FNF:0
FNH:0
LF:0
LH:0
BRF:0
BRH:0
end_of_record
TN:
SF:src/test.ts
FNF:0
FNH:0
DA:13,1
DA:18,1
DA:20,1
LF:3
LH:3
BRF:0
BRH:0
end_of_record
TN:
SF:src/zone-flags.ts
FNF:0
FNH:0
DA:5,1
LF:1
LH:1
BRF:0
BRH:0
end_of_record
TN:
SF:src/app/app-routing.module.ts
FN:7,(anonymous_0)
FN:8,(anonymous_1)
FNF:2
FNH:0
FNDA:0,(anonymous_0)
FNDA:0,(anonymous_1)
DA:4,1
DA:8,0
DA:24,1
LF:3
LH:2
BRF:0
BRH:0
end_of_record
TN:
SF:src/app/app.component.ts
FN:12,(anonymous_0)
FN:20,(anonymous_1)
FN:21,(anonymous_2)
FNF:3
FNH:3
FNDA:2,(anonymous_0)
FNDA:2,(anonymous_1)
FNDA:2,(anonymous_2)
DA:11,1
DA:13,2
DA:14,2
DA:15,2
DA:17,2
DA:21,2
DA:22,2
DA:23,2
LF:8
LH:8
BRF:0
BRH:0
end_of_record
TN:
SF:src/app/app.module.ts
FNF:0
FNH:0
DA:23,1
LF:1
LH:1
BRF:0
BRH:0
end_of_record
TN:
SF:src/app/modules/photos/photos-routing.module.ts
FNF:0
FNH:0
DA:6,1
DA:22,1
LF:2
LH:2
BRF:0
BRH:0
end_of_record
TN:
SF:src/app/modules/photos/photos.module.ts
FNF:0
FNH:0
DA:19,1
LF:1
LH:1
BRF:0
BRH:0
end_of_record
TN:
SF:src/app/modules/photos/components/photos-list/photos-list.component.ts
FNF:0
FNH:0
DA:9,1
LF:1
LH:1
BRF:0
BRH:0
end_of_record
TN:
SF:src/app/modules/photos/pages/list-page/list-page.component.ts
FN:20,(anonymous_0)
FN:22,(anonymous_1)
FN:26,(anonymous_2)
FN:30,(anonymous_3)
FN:34,(anonymous_4)
FN:44,(anonymous_5)
FN:49,(anonymous_6)
FN:51,(anonymous_7)
FN:55,(anonymous_8)
FN:57,(anonymous_9)
FNF:10
FNH:10
FNDA:5,(anonymous_0)
FNDA:12,(anonymous_1)
FNDA:12,(anonymous_2)
FNDA:5,(anonymous_3)
FNDA:2,(anonymous_4)
FNDA:5,(anonymous_5)
FNDA:5,(anonymous_6)
FNDA:5,(anonymous_7)
FNDA:2,(anonymous_8)
FNDA:4,(anonymous_9)
DA:13,1
DA:18,5
DA:20,5
DA:23,12
DA:27,12
DA:31,5
DA:35,2
DA:37,2
DA:38,2
DA:40,0
DA:45,5
DA:47,5
DA:49,5
DA:51,5
DA:56,2
DA:58,4
LF:16
LH:15
BRDA:23,0,0,12
BRDA:23,0,1,12
BRDA:23,1,0,0
BRDA:23,1,1,12
BRDA:23,2,0,12
BRDA:23,2,1,12
BRDA:27,3,0,12
BRDA:27,3,1,12
BRDA:27,4,0,0
BRDA:27,4,1,12
BRDA:27,5,0,12
BRDA:27,5,1,12
BRDA:35,6,0,0
BRDA:35,6,1,2
BRDA:35,7,0,2
BRDA:35,7,1,2
BRDA:35,8,0,0
BRDA:35,8,1,2
BRDA:35,9,0,2
BRDA:35,9,1,2
BRDA:37,10,0,2
BRDA:37,10,1,0
BRDA:56,11,0,0
BRDA:56,11,1,2
BRDA:56,12,0,2
BRDA:56,12,1,2
BRDA:58,13,0,4
BRDA:58,13,1,4
BRF:28
BRH:22
end_of_record
TN:
SF:src/app/modules/photos/services/picsum/picsum.service.ts
FN:14,(anonymous_0)
FN:16,(anonymous_1)
FN:24,(anonymous_2)
FN:33,formattedPhotos
FN:34,(anonymous_5)
FN:37,incrementPhotos
FN:47,formattedPhoto
FNF:7
FNH:7
FNDA:6,(anonymous_0)
FNDA:2,(anonymous_1)
FNDA:2,(anonymous_2)
FNDA:1,formattedPhotos
FNDA:2,(anonymous_5)
FNDA:1,incrementPhotos
FNDA:3,formattedPhoto
DA:9,1
DA:10,1
DA:13,1
DA:14,6
DA:17,2
DA:19,2
DA:25,2
DA:27,2
DA:34,2
DA:38,1
DA:40,1
DA:41,40
DA:44,1
DA:48,3
LF:14
LH:14
BRDA:34,0,0,0
BRDA:34,0,1,1
BRDA:34,1,0,1
BRDA:34,1,1,1
BRF:4
BRH:3
end_of_record
TN:
SF:src/app/modules/photos/utils/test.helpers.ts
FN:18,(anonymous_0)
FN:19,(anonymous_1)
FN:20,(anonymous_2)
FNF:3
FNH:2
FNDA:5,(anonymous_0)
FNDA:5,(anonymous_1)
FNDA:0,(anonymous_2)
DA:5,1
DA:18,5
DA:19,5
DA:20,0
LF:4
LH:3
BRF:0
BRH:0
end_of_record
